<?xml version="1.0" encoding="UTF-8"?>
<!-- Generated by org.testng.reporters.JUnitXMLReporter -->
<testsuite hostname="Egipad061" name="Test" tests="19" failures="0" timestamp="26 Jul 2018 17:48:59 GMT" time="320.992" errors="0">
  <testcase name="isfield_present" time="0.474" classname="registration.UserRegistration"/>
  <testcase name="blank_field" time="0.921" classname="registration.UserRegistration"/>
  <testcase name="fname_blank" time="1.775" classname="registration.UserRegistration"/>
  <testcase name="lname_blank" time="1.768" classname="registration.UserRegistration"/>
  <testcase name="uname_blank" time="1.722" classname="registration.UserRegistration"/>
  <testcase name="pwd_blank" time="1.701" classname="registration.UserRegistration"/>
  <testcase name="cpwd_blank" time="1.493" classname="registration.UserRegistration"/>
  <testcase name="email_blank" time="1.421" classname="registration.UserRegistration"/>
  <testcase name="fname_lenth" time="1.763" classname="registration.UserRegistration"/>
  <testcase name="lname_lenth" time="1.63" classname="registration.UserRegistration"/>
  <testcase name="uname_length" time="1.917" classname="registration.UserRegistration"/>
  <testcase name="pwd_length" time="1.791" classname="registration.UserRegistration"/>
  <testcase name="cpwd_length" time="1.807" classname="registration.UserRegistration"/>
  <testcase name="invalid_email" time="2.209" classname="registration.UserRegistration"/>
  <testcase name="invalid_phone" time="2.015" classname="registration.UserRegistration"/>
  <testcase name="all_invalid_field_lenth" time="1.291" classname="registration.UserRegistration"/>
  <testcase name="pwd_match" time="2.804" classname="registration.UserRegistration"/>
  <testcase name="pwd_mismatch" time="1.824" classname="registration.UserRegistration"/>
  <testcase name="successful_registration" time="2.209" classname="registration.UserRegistration"/>
</testsuite> <!-- Test -->
