<?xml version="1.0" encoding="UTF-8"?>
<!-- Generated by org.testng.reporters.JUnitXMLReporter -->
<testsuite hostname="Egipad061" name="Test" tests="19" failures="0" timestamp="29 Jul 2018 14:09:35 GMT" time="245.436" errors="0">
  <testcase name="required_fields_present" time="0.513" classname="registration.UserRegistration"/>
  <testcase name="mandatory_fields_blank" time="1.289" classname="registration.UserRegistration"/>
  <testcase name="fname_blank" time="1.752" classname="registration.UserRegistration"/>
  <testcase name="lname_blank" time="1.708" classname="registration.UserRegistration"/>
  <testcase name="uname_blank" time="2.025" classname="registration.UserRegistration"/>
  <testcase name="password_blank" time="1.65" classname="registration.UserRegistration"/>
  <testcase name="confirm_password_blank" time="1.768" classname="registration.UserRegistration"/>
  <testcase name="email_blank" time="1.484" classname="registration.UserRegistration"/>
  <testcase name="fname_single_char" time="1.727" classname="registration.UserRegistration"/>
  <testcase name="lname_single_char" time="1.649" classname="registration.UserRegistration"/>
  <testcase name="uname_seven_char" time="1.804" classname="registration.UserRegistration"/>
  <testcase name="pwd_seven_char" time="1.737" classname="registration.UserRegistration"/>
  <testcase name="cpwd_seven_char" time="1.852" classname="registration.UserRegistration"/>
  <testcase name="invalid_email" time="2.032" classname="registration.UserRegistration"/>
  <testcase name="invalid_phone" time="2.075" classname="registration.UserRegistration"/>
  <testcase name="all_invalid_field_lenth" time="1.188" classname="registration.UserRegistration"/>
  <testcase name="password_match" time="1.773" classname="registration.UserRegistration"/>
  <testcase name="password_mismatch" time="1.825" classname="registration.UserRegistration"/>
  <testcase name="successful_registration" time="2.534" classname="registration.UserRegistration"/>
</testsuite> <!-- Test -->
