<?xml version="1.0" encoding="UTF-8"?>
<testng-results skipped="16" failed="0" total="20" passed="4">
  <reporter-output>
  </reporter-output>
  <suite name="Suite" duration-ms="55254" started-at="2018-07-27T12:08:20Z" finished-at="2018-07-27T12:09:15Z">
    <groups>
    </groups>
    <test name="Test" duration-ms="55254" started-at="2018-07-27T12:08:20Z" finished-at="2018-07-27T12:09:15Z">
      <class name="registration.UserRegistration">
        <test-method status="PASS" signature="beforeMethod()[pri:0, instance:registration.UserRegistration@4e04a765]" name="beforeMethod" is-config="true" duration-ms="10383" started-at="2018-07-27T17:38:20Z" finished-at="2018-07-27T17:38:30Z">
          <reporter-output>
          </reporter-output>
        </test-method> <!-- beforeMethod -->
        <test-method status="PASS" signature="is_pwd_encrypted()[pri:0, instance:registration.UserRegistration@4e04a765]" name="is_pwd_encrypted" duration-ms="89" started-at="2018-07-27T17:38:30Z" finished-at="2018-07-27T17:38:30Z">
          <reporter-output>
          </reporter-output>
        </test-method> <!-- is_pwd_encrypted -->
        <test-method status="PASS" signature="afterMethod()[pri:0, instance:registration.UserRegistration@4e04a765]" name="afterMethod" is-config="true" duration-ms="1541" started-at="2018-07-27T17:38:30Z" finished-at="2018-07-27T17:38:32Z">
          <reporter-output>
          </reporter-output>
        </test-method> <!-- afterMethod -->
        <test-method status="PASS" signature="beforeMethod()[pri:0, instance:registration.UserRegistration@4e04a765]" name="beforeMethod" is-config="true" duration-ms="8891" started-at="2018-07-27T17:38:32Z" finished-at="2018-07-27T17:38:41Z">
          <reporter-output>
          </reporter-output>
        </test-method> <!-- beforeMethod -->
        <test-method status="PASS" signature="isfield_present()[pri:0, instance:registration.UserRegistration@4e04a765]" name="isfield_present" duration-ms="580" started-at="2018-07-27T17:38:41Z" finished-at="2018-07-27T17:38:41Z">
          <reporter-output>
          </reporter-output>
        </test-method> <!-- isfield_present -->
        <test-method status="PASS" signature="afterMethod()[pri:0, instance:registration.UserRegistration@4e04a765]" name="afterMethod" is-config="true" duration-ms="1351" started-at="2018-07-27T17:38:41Z" finished-at="2018-07-27T17:38:43Z">
          <reporter-output>
          </reporter-output>
        </test-method> <!-- afterMethod -->
        <test-method status="PASS" signature="beforeMethod()[pri:0, instance:registration.UserRegistration@4e04a765]" name="beforeMethod" is-config="true" duration-ms="9780" started-at="2018-07-27T17:38:43Z" finished-at="2018-07-27T17:38:53Z">
          <reporter-output>
          </reporter-output>
        </test-method> <!-- beforeMethod -->
        <test-method status="PASS" signature="blank_field()[pri:0, instance:registration.UserRegistration@4e04a765]" name="blank_field" duration-ms="1376" started-at="2018-07-27T17:38:53Z" finished-at="2018-07-27T17:38:54Z">
          <reporter-output>
          </reporter-output>
        </test-method> <!-- blank_field -->
        <test-method status="PASS" signature="afterMethod()[pri:0, instance:registration.UserRegistration@4e04a765]" name="afterMethod" is-config="true" duration-ms="1551" started-at="2018-07-27T17:38:54Z" finished-at="2018-07-27T17:38:56Z">
          <reporter-output>
          </reporter-output>
        </test-method> <!-- afterMethod -->
        <test-method status="PASS" signature="beforeMethod()[pri:0, instance:registration.UserRegistration@4e04a765]" name="beforeMethod" is-config="true" duration-ms="10131" started-at="2018-07-27T17:38:56Z" finished-at="2018-07-27T17:39:06Z">
          <reporter-output>
          </reporter-output>
        </test-method> <!-- beforeMethod -->
        <test-method status="PASS" signature="fname_blank()[pri:0, instance:registration.UserRegistration@4e04a765]" name="fname_blank" duration-ms="2112" started-at="2018-07-27T17:39:06Z" finished-at="2018-07-27T17:39:08Z">
          <reporter-output>
          </reporter-output>
        </test-method> <!-- fname_blank -->
        <test-method status="PASS" signature="afterMethod()[pri:0, instance:registration.UserRegistration@4e04a765]" name="afterMethod" is-config="true" duration-ms="1235" started-at="2018-07-27T17:39:08Z" finished-at="2018-07-27T17:39:09Z">
          <reporter-output>
          </reporter-output>
        </test-method> <!-- afterMethod -->
        <test-method status="FAIL" signature="beforeMethod()[pri:0, instance:registration.UserRegistration@4e04a765]" name="beforeMethod" is-config="true" duration-ms="0" started-at="2018-07-27T17:39:09Z" finished-at="2018-07-27T17:39:09Z">
          <exception class="org.openqa.selenium.WebDriverException">
            <message>
              <![CDATA[unknown error: failed to change window state to maximized, current state is minimized
  (Session info: chrome=67.0.3396.99)
  (Driver info: chromedriver=2.35.528161 (5b82f2d2aae0ca24b877009200ced9065a772e73),platform=Windows NT 10.0.16299 x86_64) (WARNING: The server did not provide any stacktrace information)
Command duration or timeout: 1.16 seconds
Build info: version: '2.53.1', revision: 'a36b8b1cd5757287168e54b817830adce9b0158d', time: '2016-06-30 19:26:09'
System info: host: 'Egipad061', ip: '172.16.70.51', os.name: 'Windows 10', os.arch: 'amd64', os.version: '10.0', java.version: '1.8.0_181'
Driver info: org.openqa.selenium.chrome.ChromeDriver
Capabilities [{applicationCacheEnabled=false, rotatable=false, mobileEmulationEnabled=false, networkConnectionEnabled=false, chrome={chromedriverVersion=2.35.528161 (5b82f2d2aae0ca24b877009200ced9065a772e73), userDataDir=C:\Users\vyadav\AppData\Local\Temp\scoped_dir25124_20230}, takesHeapSnapshot=true, pageLoadStrategy=normal, databaseEnabled=false, handlesAlerts=true, hasTouchScreen=false, version=67.0.3396.99, platform=XP, browserConnectionEnabled=false, nativeEvents=true, acceptSslCerts=false, acceptInsecureCerts=false, locationContextEnabled=true, webStorageEnabled=true, browserName=chrome, takesScreenshot=true, javascriptEnabled=true, cssSelectorsEnabled=true, setWindowRect=true, unexpectedAlertBehaviour=}]
Session ID: b8ff43346cc9dda09ad39d388336b040]]>
            </message>
            <full-stacktrace>
              <![CDATA[org.openqa.selenium.WebDriverException: unknown error: failed to change window state to maximized, current state is minimized
  (Session info: chrome=67.0.3396.99)
  (Driver info: chromedriver=2.35.528161 (5b82f2d2aae0ca24b877009200ced9065a772e73),platform=Windows NT 10.0.16299 x86_64) (WARNING: The server did not provide any stacktrace information)
Command duration or timeout: 1.16 seconds
Build info: version: '2.53.1', revision: 'a36b8b1cd5757287168e54b817830adce9b0158d', time: '2016-06-30 19:26:09'
System info: host: 'Egipad061', ip: '172.16.70.51', os.name: 'Windows 10', os.arch: 'amd64', os.version: '10.0', java.version: '1.8.0_181'
Driver info: org.openqa.selenium.chrome.ChromeDriver
Capabilities [{applicationCacheEnabled=false, rotatable=false, mobileEmulationEnabled=false, networkConnectionEnabled=false, chrome={chromedriverVersion=2.35.528161 (5b82f2d2aae0ca24b877009200ced9065a772e73), userDataDir=C:\Users\vyadav\AppData\Local\Temp\scoped_dir25124_20230}, takesHeapSnapshot=true, pageLoadStrategy=normal, databaseEnabled=false, handlesAlerts=true, hasTouchScreen=false, version=67.0.3396.99, platform=XP, browserConnectionEnabled=false, nativeEvents=true, acceptSslCerts=false, acceptInsecureCerts=false, locationContextEnabled=true, webStorageEnabled=true, browserName=chrome, takesScreenshot=true, javascriptEnabled=true, cssSelectorsEnabled=true, setWindowRect=true, unexpectedAlertBehaviour=}]
Session ID: b8ff43346cc9dda09ad39d388336b040
	at sun.reflect.NativeConstructorAccessorImpl.newInstance0(Native Method)
	at sun.reflect.NativeConstructorAccessorImpl.newInstance(Unknown Source)
	at sun.reflect.DelegatingConstructorAccessorImpl.newInstance(Unknown Source)
	at java.lang.reflect.Constructor.newInstance(Unknown Source)
	at org.openqa.selenium.remote.ErrorHandler.createThrowable(ErrorHandler.java:206)
	at org.openqa.selenium.remote.ErrorHandler.throwIfResponseFailed(ErrorHandler.java:158)
	at org.openqa.selenium.remote.RemoteWebDriver.execute(RemoteWebDriver.java:678)
	at org.openqa.selenium.remote.RemoteWebDriver$RemoteWebDriverOptions$RemoteWindow.maximize(RemoteWebDriver.java:945)
	at registration.UserRegistration.beforeMethod(UserRegistration.java:345)
	at sun.reflect.NativeMethodAccessorImpl.invoke0(Native Method)
	at sun.reflect.NativeMethodAccessorImpl.invoke(Unknown Source)
	at sun.reflect.DelegatingMethodAccessorImpl.invoke(Unknown Source)
	at java.lang.reflect.Method.invoke(Unknown Source)
	at org.testng.internal.MethodInvocationHelper.invokeMethod(MethodInvocationHelper.java:80)
	at org.testng.internal.Invoker.invokeConfigurationMethod(Invoker.java:564)
	at org.testng.internal.Invoker.invokeConfigurations(Invoker.java:213)
	at org.testng.internal.Invoker.invokeMethod(Invoker.java:653)
	at org.testng.internal.Invoker.invokeTestMethod(Invoker.java:901)
	at org.testng.internal.Invoker.invokeTestMethods(Invoker.java:1231)
	at org.testng.internal.TestMethodWorker.invokeTestMethods(TestMethodWorker.java:127)
	at org.testng.internal.TestMethodWorker.run(TestMethodWorker.java:111)
	at org.testng.TestRunner.privateRun(TestRunner.java:767)
	at org.testng.TestRunner.run(TestRunner.java:617)
	at org.testng.SuiteRunner.runTest(SuiteRunner.java:334)
	at org.testng.SuiteRunner.runSequentially(SuiteRunner.java:329)
	at org.testng.SuiteRunner.privateRun(SuiteRunner.java:291)
	at org.testng.SuiteRunner.run(SuiteRunner.java:240)
	at org.testng.SuiteRunnerWorker.runSuite(SuiteRunnerWorker.java:52)
	at org.testng.SuiteRunnerWorker.run(SuiteRunnerWorker.java:86)
	at org.testng.TestNG.runSuitesSequentially(TestNG.java:1198)
	at org.testng.TestNG.runSuitesLocally(TestNG.java:1123)
	at org.testng.TestNG.run(TestNG.java:1031)
	at org.apache.maven.surefire.testng.TestNGExecutor.run(TestNGExecutor.java:283)
	at org.apache.maven.surefire.testng.TestNGXmlTestSuite.execute(TestNGXmlTestSuite.java:75)
	at org.apache.maven.surefire.testng.TestNGProvider.invoke(TestNGProvider.java:120)
	at org.apache.maven.surefire.booter.ForkedBooter.invokeProviderInSameClassLoader(ForkedBooter.java:386)
	at org.apache.maven.surefire.booter.ForkedBooter.runSuitesInProcess(ForkedBooter.java:323)
	at org.apache.maven.surefire.booter.ForkedBooter.main(ForkedBooter.java:143)
]]>
            </full-stacktrace>
          </exception> <!-- org.openqa.selenium.WebDriverException -->
          <reporter-output>
          </reporter-output>
        </test-method> <!-- beforeMethod -->
        <test-method status="SKIP" signature="lname_blank()[pri:0, instance:registration.UserRegistration@4e04a765]" name="lname_blank" duration-ms="0" started-at="2018-07-27T17:39:15Z" finished-at="2018-07-27T17:39:15Z">
          <reporter-output>
          </reporter-output>
        </test-method> <!-- lname_blank -->
        <test-method status="SKIP" signature="beforeMethod()[pri:0, instance:registration.UserRegistration@4e04a765]" name="beforeMethod" is-config="true" duration-ms="0" started-at="2018-07-27T17:39:15Z" finished-at="2018-07-27T17:39:15Z">
          <reporter-output>
          </reporter-output>
        </test-method> <!-- beforeMethod -->
        <test-method status="SKIP" signature="afterMethod()[pri:0, instance:registration.UserRegistration@4e04a765]" name="afterMethod" is-config="true" duration-ms="0" started-at="2018-07-27T17:39:15Z" finished-at="2018-07-27T17:39:15Z">
          <reporter-output>
          </reporter-output>
        </test-method> <!-- afterMethod -->
        <test-method status="SKIP" signature="uname_blank()[pri:0, instance:registration.UserRegistration@4e04a765]" name="uname_blank" duration-ms="0" started-at="2018-07-27T17:39:15Z" finished-at="2018-07-27T17:39:15Z">
          <reporter-output>
          </reporter-output>
        </test-method> <!-- uname_blank -->
        <test-method status="SKIP" signature="afterMethod()[pri:0, instance:registration.UserRegistration@4e04a765]" name="afterMethod" is-config="true" duration-ms="0" started-at="2018-07-27T17:39:15Z" finished-at="2018-07-27T17:39:15Z">
          <reporter-output>
          </reporter-output>
        </test-method> <!-- afterMethod -->
        <test-method status="SKIP" signature="pwd_blank()[pri:0, instance:registration.UserRegistration@4e04a765]" name="pwd_blank" duration-ms="0" started-at="2018-07-27T17:39:15Z" finished-at="2018-07-27T17:39:15Z">
          <reporter-output>
          </reporter-output>
        </test-method> <!-- pwd_blank -->
        <test-method status="SKIP" signature="afterMethod()[pri:0, instance:registration.UserRegistration@4e04a765]" name="afterMethod" is-config="true" duration-ms="0" started-at="2018-07-27T17:39:15Z" finished-at="2018-07-27T17:39:15Z">
          <reporter-output>
          </reporter-output>
        </test-method> <!-- afterMethod -->
        <test-method status="SKIP" signature="beforeMethod()[pri:0, instance:registration.UserRegistration@4e04a765]" name="beforeMethod" is-config="true" duration-ms="0" started-at="2018-07-27T17:39:15Z" finished-at="2018-07-27T17:39:15Z">
          <reporter-output>
          </reporter-output>
        </test-method> <!-- beforeMethod -->
        <test-method status="SKIP" signature="beforeMethod()[pri:0, instance:registration.UserRegistration@4e04a765]" name="beforeMethod" is-config="true" duration-ms="0" started-at="2018-07-27T17:39:15Z" finished-at="2018-07-27T17:39:15Z">
          <reporter-output>
          </reporter-output>
        </test-method> <!-- beforeMethod -->
        <test-method status="SKIP" signature="cpwd_blank()[pri:0, instance:registration.UserRegistration@4e04a765]" name="cpwd_blank" duration-ms="0" started-at="2018-07-27T17:39:15Z" finished-at="2018-07-27T17:39:15Z">
          <reporter-output>
          </reporter-output>
        </test-method> <!-- cpwd_blank -->
        <test-method status="SKIP" signature="email_blank()[pri:0, instance:registration.UserRegistration@4e04a765]" name="email_blank" duration-ms="1" started-at="2018-07-27T17:39:15Z" finished-at="2018-07-27T17:39:15Z">
          <reporter-output>
          </reporter-output>
        </test-method> <!-- email_blank -->
        <test-method status="SKIP" signature="beforeMethod()[pri:0, instance:registration.UserRegistration@4e04a765]" name="beforeMethod" is-config="true" duration-ms="0" started-at="2018-07-27T17:39:15Z" finished-at="2018-07-27T17:39:15Z">
          <reporter-output>
          </reporter-output>
        </test-method> <!-- beforeMethod -->
        <test-method status="SKIP" signature="afterMethod()[pri:0, instance:registration.UserRegistration@4e04a765]" name="afterMethod" is-config="true" duration-ms="0" started-at="2018-07-27T17:39:15Z" finished-at="2018-07-27T17:39:15Z">
          <reporter-output>
          </reporter-output>
        </test-method> <!-- afterMethod -->
        <test-method status="SKIP" signature="beforeMethod()[pri:0, instance:registration.UserRegistration@4e04a765]" name="beforeMethod" is-config="true" duration-ms="0" started-at="2018-07-27T17:39:15Z" finished-at="2018-07-27T17:39:15Z">
          <reporter-output>
          </reporter-output>
        </test-method> <!-- beforeMethod -->
        <test-method status="SKIP" signature="afterMethod()[pri:0, instance:registration.UserRegistration@4e04a765]" name="afterMethod" is-config="true" duration-ms="0" started-at="2018-07-27T17:39:15Z" finished-at="2018-07-27T17:39:15Z">
          <reporter-output>
          </reporter-output>
        </test-method> <!-- afterMethod -->
        <test-method status="SKIP" signature="afterMethod()[pri:0, instance:registration.UserRegistration@4e04a765]" name="afterMethod" is-config="true" duration-ms="0" started-at="2018-07-27T17:39:15Z" finished-at="2018-07-27T17:39:15Z">
          <reporter-output>
          </reporter-output>
        </test-method> <!-- afterMethod -->
        <test-method status="SKIP" signature="fname_lenth()[pri:0, instance:registration.UserRegistration@4e04a765]" name="fname_lenth" duration-ms="0" started-at="2018-07-27T17:39:15Z" finished-at="2018-07-27T17:39:15Z">
          <reporter-output>
          </reporter-output>
        </test-method> <!-- fname_lenth -->
        <test-method status="SKIP" signature="beforeMethod()[pri:0, instance:registration.UserRegistration@4e04a765]" name="beforeMethod" is-config="true" duration-ms="0" started-at="2018-07-27T17:39:15Z" finished-at="2018-07-27T17:39:15Z">
          <reporter-output>
          </reporter-output>
        </test-method> <!-- beforeMethod -->
        <test-method status="SKIP" signature="lname_lenth()[pri:0, instance:registration.UserRegistration@4e04a765]" name="lname_lenth" duration-ms="0" started-at="2018-07-27T17:39:15Z" finished-at="2018-07-27T17:39:15Z">
          <reporter-output>
          </reporter-output>
        </test-method> <!-- lname_lenth -->
        <test-method status="SKIP" signature="afterMethod()[pri:0, instance:registration.UserRegistration@4e04a765]" name="afterMethod" is-config="true" duration-ms="0" started-at="2018-07-27T17:39:15Z" finished-at="2018-07-27T17:39:15Z">
          <reporter-output>
          </reporter-output>
        </test-method> <!-- afterMethod -->
        <test-method status="SKIP" signature="beforeMethod()[pri:0, instance:registration.UserRegistration@4e04a765]" name="beforeMethod" is-config="true" duration-ms="0" started-at="2018-07-27T17:39:15Z" finished-at="2018-07-27T17:39:15Z">
          <reporter-output>
          </reporter-output>
        </test-method> <!-- beforeMethod -->
        <test-method status="SKIP" signature="afterMethod()[pri:0, instance:registration.UserRegistration@4e04a765]" name="afterMethod" is-config="true" duration-ms="0" started-at="2018-07-27T17:39:15Z" finished-at="2018-07-27T17:39:15Z">
          <reporter-output>
          </reporter-output>
        </test-method> <!-- afterMethod -->
        <test-method status="SKIP" signature="uname_length()[pri:0, instance:registration.UserRegistration@4e04a765]" name="uname_length" duration-ms="0" started-at="2018-07-27T17:39:15Z" finished-at="2018-07-27T17:39:15Z">
          <reporter-output>
          </reporter-output>
        </test-method> <!-- uname_length -->
        <test-method status="SKIP" signature="beforeMethod()[pri:0, instance:registration.UserRegistration@4e04a765]" name="beforeMethod" is-config="true" duration-ms="0" started-at="2018-07-27T17:39:15Z" finished-at="2018-07-27T17:39:15Z">
          <reporter-output>
          </reporter-output>
        </test-method> <!-- beforeMethod -->
        <test-method status="SKIP" signature="pwd_length()[pri:0, instance:registration.UserRegistration@4e04a765]" name="pwd_length" duration-ms="0" started-at="2018-07-27T17:39:15Z" finished-at="2018-07-27T17:39:15Z">
          <reporter-output>
          </reporter-output>
        </test-method> <!-- pwd_length -->
        <test-method status="SKIP" signature="afterMethod()[pri:0, instance:registration.UserRegistration@4e04a765]" name="afterMethod" is-config="true" duration-ms="0" started-at="2018-07-27T17:39:15Z" finished-at="2018-07-27T17:39:15Z">
          <reporter-output>
          </reporter-output>
        </test-method> <!-- afterMethod -->
        <test-method status="SKIP" signature="beforeMethod()[pri:0, instance:registration.UserRegistration@4e04a765]" name="beforeMethod" is-config="true" duration-ms="0" started-at="2018-07-27T17:39:15Z" finished-at="2018-07-27T17:39:15Z">
          <reporter-output>
          </reporter-output>
        </test-method> <!-- beforeMethod -->
        <test-method status="SKIP" signature="cpwd_length()[pri:0, instance:registration.UserRegistration@4e04a765]" name="cpwd_length" duration-ms="0" started-at="2018-07-27T17:39:15Z" finished-at="2018-07-27T17:39:15Z">
          <reporter-output>
          </reporter-output>
        </test-method> <!-- cpwd_length -->
        <test-method status="SKIP" signature="afterMethod()[pri:0, instance:registration.UserRegistration@4e04a765]" name="afterMethod" is-config="true" duration-ms="0" started-at="2018-07-27T17:39:15Z" finished-at="2018-07-27T17:39:15Z">
          <reporter-output>
          </reporter-output>
        </test-method> <!-- afterMethod -->
        <test-method status="SKIP" signature="afterMethod()[pri:0, instance:registration.UserRegistration@4e04a765]" name="afterMethod" is-config="true" duration-ms="0" started-at="2018-07-27T17:39:15Z" finished-at="2018-07-27T17:39:15Z">
          <reporter-output>
          </reporter-output>
        </test-method> <!-- afterMethod -->
        <test-method status="SKIP" signature="invalid_email()[pri:0, instance:registration.UserRegistration@4e04a765]" name="invalid_email" duration-ms="0" started-at="2018-07-27T17:39:15Z" finished-at="2018-07-27T17:39:15Z">
          <reporter-output>
          </reporter-output>
        </test-method> <!-- invalid_email -->
        <test-method status="SKIP" signature="beforeMethod()[pri:0, instance:registration.UserRegistration@4e04a765]" name="beforeMethod" is-config="true" duration-ms="0" started-at="2018-07-27T17:39:15Z" finished-at="2018-07-27T17:39:15Z">
          <reporter-output>
          </reporter-output>
        </test-method> <!-- beforeMethod -->
        <test-method status="SKIP" signature="beforeMethod()[pri:0, instance:registration.UserRegistration@4e04a765]" name="beforeMethod" is-config="true" duration-ms="0" started-at="2018-07-27T17:39:15Z" finished-at="2018-07-27T17:39:15Z">
          <reporter-output>
          </reporter-output>
        </test-method> <!-- beforeMethod -->
        <test-method status="SKIP" signature="invalid_phone()[pri:0, instance:registration.UserRegistration@4e04a765]" name="invalid_phone" duration-ms="1" started-at="2018-07-27T17:39:15Z" finished-at="2018-07-27T17:39:15Z">
          <reporter-output>
          </reporter-output>
        </test-method> <!-- invalid_phone -->
        <test-method status="SKIP" signature="afterMethod()[pri:0, instance:registration.UserRegistration@4e04a765]" name="afterMethod" is-config="true" duration-ms="0" started-at="2018-07-27T17:39:15Z" finished-at="2018-07-27T17:39:15Z">
          <reporter-output>
          </reporter-output>
        </test-method> <!-- afterMethod -->
        <test-method status="SKIP" signature="beforeMethod()[pri:0, instance:registration.UserRegistration@4e04a765]" name="beforeMethod" is-config="true" duration-ms="0" started-at="2018-07-27T17:39:15Z" finished-at="2018-07-27T17:39:15Z">
          <reporter-output>
          </reporter-output>
        </test-method> <!-- beforeMethod -->
        <test-method status="SKIP" signature="all_invalid_field_lenth()[pri:0, instance:registration.UserRegistration@4e04a765]" name="all_invalid_field_lenth" duration-ms="0" started-at="2018-07-27T17:39:15Z" finished-at="2018-07-27T17:39:15Z">
          <reporter-output>
          </reporter-output>
        </test-method> <!-- all_invalid_field_lenth -->
        <test-method status="SKIP" signature="afterMethod()[pri:0, instance:registration.UserRegistration@4e04a765]" name="afterMethod" is-config="true" duration-ms="0" started-at="2018-07-27T17:39:15Z" finished-at="2018-07-27T17:39:15Z">
          <reporter-output>
          </reporter-output>
        </test-method> <!-- afterMethod -->
        <test-method status="SKIP" signature="beforeMethod()[pri:0, instance:registration.UserRegistration@4e04a765]" name="beforeMethod" is-config="true" duration-ms="0" started-at="2018-07-27T17:39:15Z" finished-at="2018-07-27T17:39:15Z">
          <reporter-output>
          </reporter-output>
        </test-method> <!-- beforeMethod -->
        <test-method status="SKIP" signature="pwd_match()[pri:0, instance:registration.UserRegistration@4e04a765]" name="pwd_match" duration-ms="0" started-at="2018-07-27T17:39:15Z" finished-at="2018-07-27T17:39:15Z">
          <reporter-output>
          </reporter-output>
        </test-method> <!-- pwd_match -->
        <test-method status="SKIP" signature="afterMethod()[pri:0, instance:registration.UserRegistration@4e04a765]" name="afterMethod" is-config="true" duration-ms="0" started-at="2018-07-27T17:39:15Z" finished-at="2018-07-27T17:39:15Z">
          <reporter-output>
          </reporter-output>
        </test-method> <!-- afterMethod -->
        <test-method status="SKIP" signature="pwd_mismatch()[pri:0, instance:registration.UserRegistration@4e04a765]" name="pwd_mismatch" duration-ms="1" started-at="2018-07-27T17:39:15Z" finished-at="2018-07-27T17:39:15Z">
          <reporter-output>
          </reporter-output>
        </test-method> <!-- pwd_mismatch -->
        <test-method status="SKIP" signature="beforeMethod()[pri:0, instance:registration.UserRegistration@4e04a765]" name="beforeMethod" is-config="true" duration-ms="0" started-at="2018-07-27T17:39:15Z" finished-at="2018-07-27T17:39:15Z">
          <reporter-output>
          </reporter-output>
        </test-method> <!-- beforeMethod -->
        <test-method status="SKIP" signature="afterMethod()[pri:0, instance:registration.UserRegistration@4e04a765]" name="afterMethod" is-config="true" duration-ms="0" started-at="2018-07-27T17:39:15Z" finished-at="2018-07-27T17:39:15Z">
          <reporter-output>
          </reporter-output>
        </test-method> <!-- afterMethod -->
        <test-method status="SKIP" signature="beforeMethod()[pri:0, instance:registration.UserRegistration@4e04a765]" name="beforeMethod" is-config="true" duration-ms="0" started-at="2018-07-27T17:39:15Z" finished-at="2018-07-27T17:39:15Z">
          <reporter-output>
          </reporter-output>
        </test-method> <!-- beforeMethod -->
        <test-method status="SKIP" signature="successful_registration()[pri:0, instance:registration.UserRegistration@4e04a765]" name="successful_registration" duration-ms="0" started-at="2018-07-27T17:39:15Z" finished-at="2018-07-27T17:39:15Z">
          <reporter-output>
          </reporter-output>
        </test-method> <!-- successful_registration -->
        <test-method status="SKIP" signature="afterMethod()[pri:0, instance:registration.UserRegistration@4e04a765]" name="afterMethod" is-config="true" duration-ms="0" started-at="2018-07-27T17:39:15Z" finished-at="2018-07-27T17:39:15Z">
          <reporter-output>
          </reporter-output>
        </test-method> <!-- afterMethod -->
      </class> <!-- registration.UserRegistration -->
    </test> <!-- Test -->
  </suite> <!-- Suite -->
</testng-results>
