<?xml version="1.0" encoding="UTF-8"?>
<testsuite xmlns:xsi="http://www.w3.org/2001/XMLSchema-instance" xsi:noNamespaceSchemaLocation="https://maven.apache.org/surefire/maven-surefire-plugin/xsd/surefire-test-report.xsd" name="TestSuite" time="56.439" tests="52" errors="0" skipped="47" failures="1">
  <properties>
[...]
</properties>
  <testcase name="is_pwd_encrypted" classname="registration.UserRegistration" time="0.088"/>
  <testcase name="isfield_present" classname="registration.UserRegistration" time="0.581"/>
  <testcase name="blank_field" classname="registration.UserRegistration" time="1.376"/>
  <testcase name="fname_blank" classname="registration.UserRegistration" time="2.112"/>
  <testcase name="beforeMethod" classname="registration.UserRegistration" time="9.528">
    <failure message="unknown error: failed to change window state to maximized, current state is minimized&#10;  (Session info: chrome=67.0.3396.99)&#10;  (Driver info: chromedriver=2.35.528161 (5b82f2d2aae0ca24b877009200ced9065a772e73),platform=Windows NT 10.0.16299 x86_64) (WARNING: The server did not provide any stacktrace information)&#10;Command duration or timeout: 1.16 seconds&#10;Build info: version: &apos;2.53.1&apos;, revision: &apos;a36b8b1cd5757287168e54b817830adce9b0158d&apos;, time: &apos;2016-06-30 19:26:09&apos;&#10;System info: host: &apos;Egipad061&apos;, ip: &apos;172.16.70.51&apos;, os.name: &apos;Windows 10&apos;, os.arch: &apos;amd64&apos;, os.version: &apos;10.0&apos;, java.version: &apos;1.8.0_181&apos;&#10;Driver info: org.openqa.selenium.chrome.ChromeDriver&#10;Capabilities [{applicationCacheEnabled=false, rotatable=false, mobileEmulationEnabled=false, networkConnectionEnabled=false, chrome={chromedriverVersion=2.35.528161 (5b82f2d2aae0ca24b877009200ced9065a772e73), userDataDir=C:\Users\vyadav\AppData\Local\Temp\scoped_dir25124_20230}, takesHeapSnapshot=true, pageLoadStrategy=normal, databaseEnabled=false, handlesAlerts=true, hasTouchScreen=false, version=67.0.3396.99, platform=XP, browserConnectionEnabled=false, nativeEvents=true, acceptSslCerts=false, acceptInsecureCerts=false, locationContextEnabled=true, webStorageEnabled=true, browserName=chrome, takesScreenshot=true, javascriptEnabled=true, cssSelectorsEnabled=true, setWindowRect=true, unexpectedAlertBehaviour=}]&#10;Session ID: b8ff43346cc9dda09ad39d388336b040" type="org.openqa.selenium.WebDriverException">org.openqa.selenium.WebDriverException: 
unknown error: failed to change window state to maximized, current state is minimized
  (Session info: chrome=67.0.3396.99)
  (Driver info: chromedriver=2.35.528161 (5b82f2d2aae0ca24b877009200ced9065a772e73),platform=Windows NT 10.0.16299 x86_64) (WARNING: The server did not provide any stacktrace information)
Command duration or timeout: 1.16 seconds
Build info: version: '2.53.1', revision: 'a36b8b1cd5757287168e54b817830adce9b0158d', time: '2016-06-30 19:26:09'
System info: host: 'Egipad061', ip: '172.16.70.51', os.name: 'Windows 10', os.arch: 'amd64', os.version: '10.0', java.version: '1.8.0_181'
Driver info: org.openqa.selenium.chrome.ChromeDriver
Capabilities [{applicationCacheEnabled=false, rotatable=false, mobileEmulationEnabled=false, networkConnectionEnabled=false, chrome={chromedriverVersion=2.35.528161 (5b82f2d2aae0ca24b877009200ced9065a772e73), userDataDir=C:\Users\vyadav\AppData\Local\Temp\scoped_dir25124_20230}, takesHeapSnapshot=true, pageLoadStrategy=normal, databaseEnabled=false, handlesAlerts=true, hasTouchScreen=false, version=67.0.3396.99, platform=XP, browserConnectionEnabled=false, nativeEvents=true, acceptSslCerts=false, acceptInsecureCerts=false, locationContextEnabled=true, webStorageEnabled=true, browserName=chrome, takesScreenshot=true, javascriptEnabled=true, cssSelectorsEnabled=true, setWindowRect=true, unexpectedAlertBehaviour=}]
Session ID: b8ff43346cc9dda09ad39d388336b040
	at registration.UserRegistration.beforeMethod(UserRegistration.java:345)
</failure>
    <system-err><![CDATA[Starting ChromeDriver 2.35.528161 (5b82f2d2aae0ca24b877009200ced9065a772e73) on port 25368
Only local connections are allowed.
]]></system-err>
  </testcase>
  <testcase name="beforeMethod" classname="registration.UserRegistration" time="0">
    <skipped/>
  </testcase>
  <testcase name="beforeMethod" classname="registration.UserRegistration" time="0">
    <skipped/>
  </testcase>
  <testcase name="beforeMethod" classname="registration.UserRegistration" time="0">
    <skipped/>
  </testcase>
  <testcase name="beforeMethod" classname="registration.UserRegistration" time="0">
    <skipped/>
  </testcase>
  <testcase name="beforeMethod" classname="registration.UserRegistration" time="0">
    <skipped/>
  </testcase>
  <testcase name="beforeMethod" classname="registration.UserRegistration" time="0">
    <skipped/>
  </testcase>
  <testcase name="beforeMethod" classname="registration.UserRegistration" time="0">
    <skipped/>
  </testcase>
  <testcase name="beforeMethod" classname="registration.UserRegistration" time="0">
    <skipped/>
  </testcase>
  <testcase name="beforeMethod" classname="registration.UserRegistration" time="0">
    <skipped/>
  </testcase>
  <testcase name="beforeMethod" classname="registration.UserRegistration" time="0">
    <skipped/>
  </testcase>
  <testcase name="beforeMethod" classname="registration.UserRegistration" time="0">
    <skipped/>
  </testcase>
  <testcase name="beforeMethod" classname="registration.UserRegistration" time="0">
    <skipped/>
  </testcase>
  <testcase name="beforeMethod" classname="registration.UserRegistration" time="0">
    <skipped/>
  </testcase>
  <testcase name="beforeMethod" classname="registration.UserRegistration" time="0">
    <skipped/>
  </testcase>
  <testcase name="beforeMethod" classname="registration.UserRegistration" time="0">
    <skipped/>
  </testcase>
  <testcase name="lname_blank" classname="registration.UserRegistration" time="0">
    <skipped/>
  </testcase>
  <testcase name="afterMethod" classname="registration.UserRegistration" time="0">
    <skipped/>
  </testcase>
  <testcase name="afterMethod" classname="registration.UserRegistration" time="0">
    <skipped/>
  </testcase>
  <testcase name="afterMethod" classname="registration.UserRegistration" time="0">
    <skipped/>
  </testcase>
  <testcase name="afterMethod" classname="registration.UserRegistration" time="0">
    <skipped/>
  </testcase>
  <testcase name="afterMethod" classname="registration.UserRegistration" time="0">
    <skipped/>
  </testcase>
  <testcase name="afterMethod" classname="registration.UserRegistration" time="0">
    <skipped/>
  </testcase>
  <testcase name="afterMethod" classname="registration.UserRegistration" time="0">
    <skipped/>
  </testcase>
  <testcase name="afterMethod" classname="registration.UserRegistration" time="0">
    <skipped/>
  </testcase>
  <testcase name="afterMethod" classname="registration.UserRegistration" time="0">
    <skipped/>
  </testcase>
  <testcase name="afterMethod" classname="registration.UserRegistration" time="0">
    <skipped/>
  </testcase>
  <testcase name="afterMethod" classname="registration.UserRegistration" time="0">
    <skipped/>
  </testcase>
  <testcase name="afterMethod" classname="registration.UserRegistration" time="0">
    <skipped/>
  </testcase>
  <testcase name="afterMethod" classname="registration.UserRegistration" time="0">
    <skipped/>
  </testcase>
  <testcase name="afterMethod" classname="registration.UserRegistration" time="0">
    <skipped/>
  </testcase>
  <testcase name="afterMethod" classname="registration.UserRegistration" time="0">
    <skipped/>
  </testcase>
  <testcase name="afterMethod" classname="registration.UserRegistration" time="0">
    <skipped/>
  </testcase>
  <testcase name="uname_blank" classname="registration.UserRegistration" time="0">
    <skipped/>
  </testcase>
  <testcase name="pwd_blank" classname="registration.UserRegistration" time="0">
    <skipped/>
  </testcase>
  <testcase name="cpwd_blank" classname="registration.UserRegistration" time="0">
    <skipped/>
  </testcase>
  <testcase name="email_blank" classname="registration.UserRegistration" time="0">
    <skipped/>
  </testcase>
  <testcase name="fname_lenth" classname="registration.UserRegistration" time="0">
    <skipped/>
  </testcase>
  <testcase name="lname_lenth" classname="registration.UserRegistration" time="0">
    <skipped/>
  </testcase>
  <testcase name="uname_length" classname="registration.UserRegistration" time="0">
    <skipped/>
  </testcase>
  <testcase name="pwd_length" classname="registration.UserRegistration" time="0">
    <skipped/>
  </testcase>
  <testcase name="cpwd_length" classname="registration.UserRegistration" time="0">
    <skipped/>
  </testcase>
  <testcase name="invalid_email" classname="registration.UserRegistration" time="0">
    <skipped/>
  </testcase>
  <testcase name="invalid_phone" classname="registration.UserRegistration" time="0">
    <skipped/>
  </testcase>
  <testcase name="all_invalid_field_lenth" classname="registration.UserRegistration" time="0">
    <skipped/>
  </testcase>
  <testcase name="pwd_match" classname="registration.UserRegistration" time="0">
    <skipped/>
  </testcase>
  <testcase name="pwd_mismatch" classname="registration.UserRegistration" time="0">
    <skipped/>
  </testcase>
  <testcase name="successful_registration" classname="registration.UserRegistration" time="0">
    <skipped/>
  </testcase>
</testsuite>