<?xml version="1.0" encoding="UTF-8"?>
<testsuite xmlns:xsi="http://www.w3.org/2001/XMLSchema-instance" xsi:noNamespaceSchemaLocation="https://maven.apache.org/surefire/maven-surefire-plugin/xsd/surefire-test-report.xsd" name="TestSuite" time="315.428" tests="19" errors="0" skipped="0" failures="1">
  <properties>
[...]
</properties>
  <testcase name="all_invalid_field_lenth" classname="registration.UserRegistration" time="1.065"/>
  <testcase name="blank_field" classname="registration.UserRegistration" time="1.014">
    <failure message="unknown error: Element &lt;button type=&quot;submit&quot; class=&quot;btn btn-warning&quot; disabled=&quot;disabled&quot;&gt;...&lt;/button&gt; is not clickable at point (634, 601). Other element would receive the click: &lt;div class=&quot;col-md-4&quot;&gt;...&lt;/div&gt;&#10;  (Session info: chrome=67.0.3396.99)&#10;  (Driver info: chromedriver=2.35.528161 (5b82f2d2aae0ca24b877009200ced9065a772e73),platform=Windows NT 10.0.16299 x86_64) (WARNING: The server did not provide any stacktrace information)&#10;Command duration or timeout: 78 milliseconds&#10;Build info: version: &apos;2.53.1&apos;, revision: &apos;a36b8b1cd5757287168e54b817830adce9b0158d&apos;, time: &apos;2016-06-30 19:26:09&apos;&#10;System info: host: &apos;Egipad061&apos;, ip: &apos;192.168.43.107&apos;, os.name: &apos;Windows 10&apos;, os.arch: &apos;amd64&apos;, os.version: &apos;10.0&apos;, java.version: &apos;1.8.0_181&apos;&#10;Driver info: org.openqa.selenium.chrome.ChromeDriver&#10;Capabilities [{applicationCacheEnabled=false, rotatable=false, mobileEmulationEnabled=false, networkConnectionEnabled=false, chrome={chromedriverVersion=2.35.528161 (5b82f2d2aae0ca24b877009200ced9065a772e73), userDataDir=C:\Users\vyadav\AppData\Local\Temp\scoped_dir8560_6506}, takesHeapSnapshot=true, pageLoadStrategy=normal, databaseEnabled=false, handlesAlerts=true, hasTouchScreen=false, version=67.0.3396.99, platform=XP, browserConnectionEnabled=false, nativeEvents=true, acceptSslCerts=false, acceptInsecureCerts=false, locationContextEnabled=true, webStorageEnabled=true, browserName=chrome, takesScreenshot=true, javascriptEnabled=true, cssSelectorsEnabled=true, setWindowRect=true, unexpectedAlertBehaviour=}]&#10;Session ID: 20235d72ad1397be05b3901407efa284" type="org.openqa.selenium.WebDriverException"><![CDATA[org.openqa.selenium.WebDriverException: 
unknown error: Element <button type="submit" class="btn btn-warning" disabled="disabled">...</button> is not clickable at point (634, 601). Other element would receive the click: <div class="col-md-4">...</div>
  (Session info: chrome=67.0.3396.99)
  (Driver info: chromedriver=2.35.528161 (5b82f2d2aae0ca24b877009200ced9065a772e73),platform=Windows NT 10.0.16299 x86_64) (WARNING: The server did not provide any stacktrace information)
Command duration or timeout: 78 milliseconds
Build info: version: '2.53.1', revision: 'a36b8b1cd5757287168e54b817830adce9b0158d', time: '2016-06-30 19:26:09'
System info: host: 'Egipad061', ip: '192.168.43.107', os.name: 'Windows 10', os.arch: 'amd64', os.version: '10.0', java.version: '1.8.0_181'
Driver info: org.openqa.selenium.chrome.ChromeDriver
Capabilities [{applicationCacheEnabled=false, rotatable=false, mobileEmulationEnabled=false, networkConnectionEnabled=false, chrome={chromedriverVersion=2.35.528161 (5b82f2d2aae0ca24b877009200ced9065a772e73), userDataDir=C:\Users\vyadav\AppData\Local\Temp\scoped_dir8560_6506}, takesHeapSnapshot=true, pageLoadStrategy=normal, databaseEnabled=false, handlesAlerts=true, hasTouchScreen=false, version=67.0.3396.99, platform=XP, browserConnectionEnabled=false, nativeEvents=true, acceptSslCerts=false, acceptInsecureCerts=false, locationContextEnabled=true, webStorageEnabled=true, browserName=chrome, takesScreenshot=true, javascriptEnabled=true, cssSelectorsEnabled=true, setWindowRect=true, unexpectedAlertBehaviour=}]
Session ID: 20235d72ad1397be05b3901407efa284
	at registration.UserRegistration.blank_field(UserRegistration.java:62)
]]></failure>
    <system-err><![CDATA[Starting ChromeDriver 2.35.528161 (5b82f2d2aae0ca24b877009200ced9065a772e73) on port 23693
Only local connections are allowed.
]]></system-err>
  </testcase>
  <testcase name="cpwd_blank" classname="registration.UserRegistration" time="1.798"/>
  <testcase name="cpwd_length" classname="registration.UserRegistration" time="1.873"/>
  <testcase name="email_blank" classname="registration.UserRegistration" time="1.37"/>
  <testcase name="fname_blank" classname="registration.UserRegistration" time="1.646"/>
  <testcase name="fname_lenth" classname="registration.UserRegistration" time="1.777"/>
  <testcase name="invalid_email" classname="registration.UserRegistration" time="1.998"/>
  <testcase name="invalid_phone" classname="registration.UserRegistration" time="1.823"/>
  <testcase name="isfield_present" classname="registration.UserRegistration" time="0.399"/>
  <testcase name="lname_blank" classname="registration.UserRegistration" time="1.681"/>
  <testcase name="lname_lenth" classname="registration.UserRegistration" time="1.652"/>
  <testcase name="pwd_blank" classname="registration.UserRegistration" time="1.553"/>
  <testcase name="pwd_length" classname="registration.UserRegistration" time="1.736"/>
  <testcase name="pwd_match" classname="registration.UserRegistration" time="1.442"/>
  <testcase name="pwd_mismatch" classname="registration.UserRegistration" time="1.809"/>
  <testcase name="successful_registration" classname="registration.UserRegistration" time="2.531"/>
  <testcase name="uname_blank" classname="registration.UserRegistration" time="1.658"/>
  <testcase name="uname_length" classname="registration.UserRegistration" time="1.883"/>
</testsuite>