<?xml version="1.0" encoding="UTF-8"?>
<testng-results skipped="0" failed="1" total="19" passed="18">
  <reporter-output>
  </reporter-output>
  <suite name="Suite" duration-ms="314500" started-at="2018-07-26T17:25:28Z" finished-at="2018-07-26T17:30:43Z">
    <groups>
    </groups>
    <test name="Test" duration-ms="314500" started-at="2018-07-26T17:25:28Z" finished-at="2018-07-26T17:30:43Z">
      <class name="registration.UserRegistration">
        <test-method status="PASS" signature="beforeMethod()[pri:0, instance:registration.UserRegistration@4e04a765]" name="beforeMethod" is-config="true" duration-ms="12407" started-at="2018-07-26T22:55:28Z" finished-at="2018-07-26T22:55:41Z">
          <reporter-output>
          </reporter-output>
        </test-method> <!-- beforeMethod -->
        <test-method status="PASS" signature="all_invalid_field_lenth()[pri:0, instance:registration.UserRegistration@4e04a765]" name="all_invalid_field_lenth" duration-ms="1065" started-at="2018-07-26T22:55:41Z" finished-at="2018-07-26T22:55:42Z">
          <reporter-output>
          </reporter-output>
        </test-method> <!-- all_invalid_field_lenth -->
        <test-method status="PASS" signature="afterMethod()[pri:0, instance:registration.UserRegistration@4e04a765]" name="afterMethod" is-config="true" duration-ms="1457" started-at="2018-07-26T22:55:42Z" finished-at="2018-07-26T22:55:43Z">
          <reporter-output>
          </reporter-output>
        </test-method> <!-- afterMethod -->
        <test-method status="PASS" signature="beforeMethod()[pri:0, instance:registration.UserRegistration@4e04a765]" name="beforeMethod" is-config="true" duration-ms="12014" started-at="2018-07-26T22:55:43Z" finished-at="2018-07-26T22:55:55Z">
          <reporter-output>
          </reporter-output>
        </test-method> <!-- beforeMethod -->
        <test-method status="FAIL" signature="blank_field()[pri:0, instance:registration.UserRegistration@4e04a765]" name="blank_field" duration-ms="972" started-at="2018-07-26T22:55:55Z" finished-at="2018-07-26T22:55:56Z">
          <exception class="org.openqa.selenium.WebDriverException">
            <message>
              <![CDATA[unknown error: Element <button type="submit" class="btn btn-warning" disabled="disabled">...</button> is not clickable at point (634, 601). Other element would receive the click: <div class="col-md-4">...</div>
  (Session info: chrome=67.0.3396.99)
  (Driver info: chromedriver=2.35.528161 (5b82f2d2aae0ca24b877009200ced9065a772e73),platform=Windows NT 10.0.16299 x86_64) (WARNING: The server did not provide any stacktrace information)
Command duration or timeout: 78 milliseconds
Build info: version: '2.53.1', revision: 'a36b8b1cd5757287168e54b817830adce9b0158d', time: '2016-06-30 19:26:09'
System info: host: 'Egipad061', ip: '192.168.43.107', os.name: 'Windows 10', os.arch: 'amd64', os.version: '10.0', java.version: '1.8.0_181'
Driver info: org.openqa.selenium.chrome.ChromeDriver
Capabilities [{applicationCacheEnabled=false, rotatable=false, mobileEmulationEnabled=false, networkConnectionEnabled=false, chrome={chromedriverVersion=2.35.528161 (5b82f2d2aae0ca24b877009200ced9065a772e73), userDataDir=C:\Users\vyadav\AppData\Local\Temp\scoped_dir8560_6506}, takesHeapSnapshot=true, pageLoadStrategy=normal, databaseEnabled=false, handlesAlerts=true, hasTouchScreen=false, version=67.0.3396.99, platform=XP, browserConnectionEnabled=false, nativeEvents=true, acceptSslCerts=false, acceptInsecureCerts=false, locationContextEnabled=true, webStorageEnabled=true, browserName=chrome, takesScreenshot=true, javascriptEnabled=true, cssSelectorsEnabled=true, setWindowRect=true, unexpectedAlertBehaviour=}]
Session ID: 20235d72ad1397be05b3901407efa284]]>
            </message>
            <full-stacktrace>
              <![CDATA[org.openqa.selenium.WebDriverException: unknown error: Element <button type="submit" class="btn btn-warning" disabled="disabled">...</button> is not clickable at point (634, 601). Other element would receive the click: <div class="col-md-4">...</div>
  (Session info: chrome=67.0.3396.99)
  (Driver info: chromedriver=2.35.528161 (5b82f2d2aae0ca24b877009200ced9065a772e73),platform=Windows NT 10.0.16299 x86_64) (WARNING: The server did not provide any stacktrace information)
Command duration or timeout: 78 milliseconds
Build info: version: '2.53.1', revision: 'a36b8b1cd5757287168e54b817830adce9b0158d', time: '2016-06-30 19:26:09'
System info: host: 'Egipad061', ip: '192.168.43.107', os.name: 'Windows 10', os.arch: 'amd64', os.version: '10.0', java.version: '1.8.0_181'
Driver info: org.openqa.selenium.chrome.ChromeDriver
Capabilities [{applicationCacheEnabled=false, rotatable=false, mobileEmulationEnabled=false, networkConnectionEnabled=false, chrome={chromedriverVersion=2.35.528161 (5b82f2d2aae0ca24b877009200ced9065a772e73), userDataDir=C:\Users\vyadav\AppData\Local\Temp\scoped_dir8560_6506}, takesHeapSnapshot=true, pageLoadStrategy=normal, databaseEnabled=false, handlesAlerts=true, hasTouchScreen=false, version=67.0.3396.99, platform=XP, browserConnectionEnabled=false, nativeEvents=true, acceptSslCerts=false, acceptInsecureCerts=false, locationContextEnabled=true, webStorageEnabled=true, browserName=chrome, takesScreenshot=true, javascriptEnabled=true, cssSelectorsEnabled=true, setWindowRect=true, unexpectedAlertBehaviour=}]
Session ID: 20235d72ad1397be05b3901407efa284
	at sun.reflect.NativeConstructorAccessorImpl.newInstance0(Native Method)
	at sun.reflect.NativeConstructorAccessorImpl.newInstance(Unknown Source)
	at sun.reflect.DelegatingConstructorAccessorImpl.newInstance(Unknown Source)
	at java.lang.reflect.Constructor.newInstance(Unknown Source)
	at org.openqa.selenium.remote.ErrorHandler.createThrowable(ErrorHandler.java:206)
	at org.openqa.selenium.remote.ErrorHandler.throwIfResponseFailed(ErrorHandler.java:158)
	at org.openqa.selenium.remote.RemoteWebDriver.execute(RemoteWebDriver.java:678)
	at org.openqa.selenium.remote.RemoteWebElement.execute(RemoteWebElement.java:327)
	at org.openqa.selenium.remote.RemoteWebElement.click(RemoteWebElement.java:85)
	at registration.UserRegistration.blank_field(UserRegistration.java:62)
	at sun.reflect.NativeMethodAccessorImpl.invoke0(Native Method)
	at sun.reflect.NativeMethodAccessorImpl.invoke(Unknown Source)
	at sun.reflect.DelegatingMethodAccessorImpl.invoke(Unknown Source)
	at java.lang.reflect.Method.invoke(Unknown Source)
	at org.testng.internal.MethodInvocationHelper.invokeMethod(MethodInvocationHelper.java:80)
	at org.testng.internal.Invoker.invokeMethod(Invoker.java:714)
	at org.testng.internal.Invoker.invokeTestMethod(Invoker.java:901)
	at org.testng.internal.Invoker.invokeTestMethods(Invoker.java:1231)
	at org.testng.internal.TestMethodWorker.invokeTestMethods(TestMethodWorker.java:127)
	at org.testng.internal.TestMethodWorker.run(TestMethodWorker.java:111)
	at org.testng.TestRunner.privateRun(TestRunner.java:767)
	at org.testng.TestRunner.run(TestRunner.java:617)
	at org.testng.SuiteRunner.runTest(SuiteRunner.java:334)
	at org.testng.SuiteRunner.runSequentially(SuiteRunner.java:329)
	at org.testng.SuiteRunner.privateRun(SuiteRunner.java:291)
	at org.testng.SuiteRunner.run(SuiteRunner.java:240)
	at org.testng.SuiteRunnerWorker.runSuite(SuiteRunnerWorker.java:52)
	at org.testng.SuiteRunnerWorker.run(SuiteRunnerWorker.java:86)
	at org.testng.TestNG.runSuitesSequentially(TestNG.java:1198)
	at org.testng.TestNG.runSuitesLocally(TestNG.java:1123)
	at org.testng.TestNG.run(TestNG.java:1031)
	at org.apache.maven.surefire.testng.TestNGExecutor.run(TestNGExecutor.java:283)
	at org.apache.maven.surefire.testng.TestNGXmlTestSuite.execute(TestNGXmlTestSuite.java:75)
	at org.apache.maven.surefire.testng.TestNGProvider.invoke(TestNGProvider.java:120)
	at org.apache.maven.surefire.booter.ForkedBooter.invokeProviderInSameClassLoader(ForkedBooter.java:386)
	at org.apache.maven.surefire.booter.ForkedBooter.runSuitesInProcess(ForkedBooter.java:323)
	at org.apache.maven.surefire.booter.ForkedBooter.main(ForkedBooter.java:143)
]]>
            </full-stacktrace>
          </exception> <!-- org.openqa.selenium.WebDriverException -->
          <reporter-output>
          </reporter-output>
        </test-method> <!-- blank_field -->
        <test-method status="PASS" signature="afterMethod()[pri:0, instance:registration.UserRegistration@4e04a765]" name="afterMethod" is-config="true" duration-ms="1185" started-at="2018-07-26T22:55:56Z" finished-at="2018-07-26T22:55:57Z">
          <reporter-output>
          </reporter-output>
        </test-method> <!-- afterMethod -->
        <test-method status="PASS" signature="beforeMethod()[pri:0, instance:registration.UserRegistration@4e04a765]" name="beforeMethod" is-config="true" duration-ms="9901" started-at="2018-07-26T22:55:57Z" finished-at="2018-07-26T22:56:07Z">
          <reporter-output>
          </reporter-output>
        </test-method> <!-- beforeMethod -->
        <test-method status="PASS" signature="cpwd_blank()[pri:0, instance:registration.UserRegistration@4e04a765]" name="cpwd_blank" duration-ms="1798" started-at="2018-07-26T22:56:07Z" finished-at="2018-07-26T22:56:09Z">
          <reporter-output>
          </reporter-output>
        </test-method> <!-- cpwd_blank -->
        <test-method status="PASS" signature="afterMethod()[pri:0, instance:registration.UserRegistration@4e04a765]" name="afterMethod" is-config="true" duration-ms="1116" started-at="2018-07-26T22:56:09Z" finished-at="2018-07-26T22:56:10Z">
          <reporter-output>
          </reporter-output>
        </test-method> <!-- afterMethod -->
        <test-method status="PASS" signature="beforeMethod()[pri:0, instance:registration.UserRegistration@4e04a765]" name="beforeMethod" is-config="true" duration-ms="12831" started-at="2018-07-26T22:56:10Z" finished-at="2018-07-26T22:56:23Z">
          <reporter-output>
          </reporter-output>
        </test-method> <!-- beforeMethod -->
        <test-method status="PASS" signature="cpwd_length()[pri:0, instance:registration.UserRegistration@4e04a765]" name="cpwd_length" duration-ms="1872" started-at="2018-07-26T22:56:23Z" finished-at="2018-07-26T22:56:25Z">
          <reporter-output>
          </reporter-output>
        </test-method> <!-- cpwd_length -->
        <test-method status="PASS" signature="afterMethod()[pri:0, instance:registration.UserRegistration@4e04a765]" name="afterMethod" is-config="true" duration-ms="1124" started-at="2018-07-26T22:56:25Z" finished-at="2018-07-26T22:56:26Z">
          <reporter-output>
          </reporter-output>
        </test-method> <!-- afterMethod -->
        <test-method status="PASS" signature="beforeMethod()[pri:0, instance:registration.UserRegistration@4e04a765]" name="beforeMethod" is-config="true" duration-ms="11521" started-at="2018-07-26T22:56:26Z" finished-at="2018-07-26T22:56:38Z">
          <reporter-output>
          </reporter-output>
        </test-method> <!-- beforeMethod -->
        <test-method status="PASS" signature="email_blank()[pri:0, instance:registration.UserRegistration@4e04a765]" name="email_blank" duration-ms="1373" started-at="2018-07-26T22:56:38Z" finished-at="2018-07-26T22:56:39Z">
          <reporter-output>
          </reporter-output>
        </test-method> <!-- email_blank -->
        <test-method status="PASS" signature="afterMethod()[pri:0, instance:registration.UserRegistration@4e04a765]" name="afterMethod" is-config="true" duration-ms="1170" started-at="2018-07-26T22:56:39Z" finished-at="2018-07-26T22:56:40Z">
          <reporter-output>
          </reporter-output>
        </test-method> <!-- afterMethod -->
        <test-method status="PASS" signature="beforeMethod()[pri:0, instance:registration.UserRegistration@4e04a765]" name="beforeMethod" is-config="true" duration-ms="11907" started-at="2018-07-26T22:56:40Z" finished-at="2018-07-26T22:56:52Z">
          <reporter-output>
          </reporter-output>
        </test-method> <!-- beforeMethod -->
        <test-method status="PASS" signature="fname_blank()[pri:0, instance:registration.UserRegistration@4e04a765]" name="fname_blank" duration-ms="1646" started-at="2018-07-26T22:56:52Z" finished-at="2018-07-26T22:56:54Z">
          <reporter-output>
          </reporter-output>
        </test-method> <!-- fname_blank -->
        <test-method status="PASS" signature="afterMethod()[pri:0, instance:registration.UserRegistration@4e04a765]" name="afterMethod" is-config="true" duration-ms="1126" started-at="2018-07-26T22:56:54Z" finished-at="2018-07-26T22:56:55Z">
          <reporter-output>
          </reporter-output>
        </test-method> <!-- afterMethod -->
        <test-method status="PASS" signature="beforeMethod()[pri:0, instance:registration.UserRegistration@4e04a765]" name="beforeMethod" is-config="true" duration-ms="21113" started-at="2018-07-26T22:56:55Z" finished-at="2018-07-26T22:57:16Z">
          <reporter-output>
          </reporter-output>
        </test-method> <!-- beforeMethod -->
        <test-method status="PASS" signature="fname_lenth()[pri:0, instance:registration.UserRegistration@4e04a765]" name="fname_lenth" duration-ms="1776" started-at="2018-07-26T22:57:16Z" finished-at="2018-07-26T22:57:18Z">
          <reporter-output>
          </reporter-output>
        </test-method> <!-- fname_lenth -->
        <test-method status="PASS" signature="afterMethod()[pri:0, instance:registration.UserRegistration@4e04a765]" name="afterMethod" is-config="true" duration-ms="1112" started-at="2018-07-26T22:57:18Z" finished-at="2018-07-26T22:57:19Z">
          <reporter-output>
          </reporter-output>
        </test-method> <!-- afterMethod -->
        <test-method status="PASS" signature="beforeMethod()[pri:0, instance:registration.UserRegistration@4e04a765]" name="beforeMethod" is-config="true" duration-ms="12696" started-at="2018-07-26T22:57:19Z" finished-at="2018-07-26T22:57:31Z">
          <reporter-output>
          </reporter-output>
        </test-method> <!-- beforeMethod -->
        <test-method status="PASS" signature="invalid_email()[pri:0, instance:registration.UserRegistration@4e04a765]" name="invalid_email" duration-ms="1999" started-at="2018-07-26T22:57:31Z" finished-at="2018-07-26T22:57:33Z">
          <reporter-output>
          </reporter-output>
        </test-method> <!-- invalid_email -->
        <test-method status="PASS" signature="afterMethod()[pri:0, instance:registration.UserRegistration@4e04a765]" name="afterMethod" is-config="true" duration-ms="1167" started-at="2018-07-26T22:57:33Z" finished-at="2018-07-26T22:57:35Z">
          <reporter-output>
          </reporter-output>
        </test-method> <!-- afterMethod -->
        <test-method status="PASS" signature="beforeMethod()[pri:0, instance:registration.UserRegistration@4e04a765]" name="beforeMethod" is-config="true" duration-ms="15310" started-at="2018-07-26T22:57:35Z" finished-at="2018-07-26T22:57:50Z">
          <reporter-output>
          </reporter-output>
        </test-method> <!-- beforeMethod -->
        <test-method status="PASS" signature="invalid_phone()[pri:0, instance:registration.UserRegistration@4e04a765]" name="invalid_phone" duration-ms="1823" started-at="2018-07-26T22:57:50Z" finished-at="2018-07-26T22:57:52Z">
          <reporter-output>
          </reporter-output>
        </test-method> <!-- invalid_phone -->
        <test-method status="PASS" signature="afterMethod()[pri:0, instance:registration.UserRegistration@4e04a765]" name="afterMethod" is-config="true" duration-ms="1446" started-at="2018-07-26T22:57:52Z" finished-at="2018-07-26T22:57:53Z">
          <reporter-output>
          </reporter-output>
        </test-method> <!-- afterMethod -->
        <test-method status="PASS" signature="beforeMethod()[pri:0, instance:registration.UserRegistration@4e04a765]" name="beforeMethod" is-config="true" duration-ms="12606" started-at="2018-07-26T22:57:53Z" finished-at="2018-07-26T22:58:06Z">
          <reporter-output>
          </reporter-output>
        </test-method> <!-- beforeMethod -->
        <test-method status="PASS" signature="isfield_present()[pri:0, instance:registration.UserRegistration@4e04a765]" name="isfield_present" duration-ms="400" started-at="2018-07-26T22:58:06Z" finished-at="2018-07-26T22:58:06Z">
          <reporter-output>
          </reporter-output>
        </test-method> <!-- isfield_present -->
        <test-method status="PASS" signature="afterMethod()[pri:0, instance:registration.UserRegistration@4e04a765]" name="afterMethod" is-config="true" duration-ms="1225" started-at="2018-07-26T22:58:06Z" finished-at="2018-07-26T22:58:07Z">
          <reporter-output>
          </reporter-output>
        </test-method> <!-- afterMethod -->
        <test-method status="PASS" signature="beforeMethod()[pri:0, instance:registration.UserRegistration@4e04a765]" name="beforeMethod" is-config="true" duration-ms="16579" started-at="2018-07-26T22:58:07Z" finished-at="2018-07-26T22:58:24Z">
          <reporter-output>
          </reporter-output>
        </test-method> <!-- beforeMethod -->
        <test-method status="PASS" signature="lname_blank()[pri:0, instance:registration.UserRegistration@4e04a765]" name="lname_blank" duration-ms="1682" started-at="2018-07-26T22:58:24Z" finished-at="2018-07-26T22:58:26Z">
          <reporter-output>
          </reporter-output>
        </test-method> <!-- lname_blank -->
        <test-method status="PASS" signature="afterMethod()[pri:0, instance:registration.UserRegistration@4e04a765]" name="afterMethod" is-config="true" duration-ms="1195" started-at="2018-07-26T22:58:26Z" finished-at="2018-07-26T22:58:27Z">
          <reporter-output>
          </reporter-output>
        </test-method> <!-- afterMethod -->
        <test-method status="PASS" signature="beforeMethod()[pri:0, instance:registration.UserRegistration@4e04a765]" name="beforeMethod" is-config="true" duration-ms="14625" started-at="2018-07-26T22:58:27Z" finished-at="2018-07-26T22:58:41Z">
          <reporter-output>
          </reporter-output>
        </test-method> <!-- beforeMethod -->
        <test-method status="PASS" signature="lname_lenth()[pri:0, instance:registration.UserRegistration@4e04a765]" name="lname_lenth" duration-ms="1652" started-at="2018-07-26T22:58:41Z" finished-at="2018-07-26T22:58:43Z">
          <reporter-output>
          </reporter-output>
        </test-method> <!-- lname_lenth -->
        <test-method status="PASS" signature="afterMethod()[pri:0, instance:registration.UserRegistration@4e04a765]" name="afterMethod" is-config="true" duration-ms="1227" started-at="2018-07-26T22:58:43Z" finished-at="2018-07-26T22:58:44Z">
          <reporter-output>
          </reporter-output>
        </test-method> <!-- afterMethod -->
        <test-method status="PASS" signature="beforeMethod()[pri:0, instance:registration.UserRegistration@4e04a765]" name="beforeMethod" is-config="true" duration-ms="19679" started-at="2018-07-26T22:58:44Z" finished-at="2018-07-26T22:59:04Z">
          <reporter-output>
          </reporter-output>
        </test-method> <!-- beforeMethod -->
        <test-method status="PASS" signature="pwd_blank()[pri:0, instance:registration.UserRegistration@4e04a765]" name="pwd_blank" duration-ms="1556" started-at="2018-07-26T22:59:04Z" finished-at="2018-07-26T22:59:06Z">
          <reporter-output>
          </reporter-output>
        </test-method> <!-- pwd_blank -->
        <test-method status="PASS" signature="afterMethod()[pri:0, instance:registration.UserRegistration@4e04a765]" name="afterMethod" is-config="true" duration-ms="1214" started-at="2018-07-26T22:59:06Z" finished-at="2018-07-26T22:59:07Z">
          <reporter-output>
          </reporter-output>
        </test-method> <!-- afterMethod -->
        <test-method status="PASS" signature="beforeMethod()[pri:0, instance:registration.UserRegistration@4e04a765]" name="beforeMethod" is-config="true" duration-ms="12170" started-at="2018-07-26T22:59:07Z" finished-at="2018-07-26T22:59:19Z">
          <reporter-output>
          </reporter-output>
        </test-method> <!-- beforeMethod -->
        <test-method status="PASS" signature="pwd_length()[pri:0, instance:registration.UserRegistration@4e04a765]" name="pwd_length" duration-ms="1738" started-at="2018-07-26T22:59:19Z" finished-at="2018-07-26T22:59:21Z">
          <reporter-output>
          </reporter-output>
        </test-method> <!-- pwd_length -->
        <test-method status="PASS" signature="afterMethod()[pri:0, instance:registration.UserRegistration@4e04a765]" name="afterMethod" is-config="true" duration-ms="1183" started-at="2018-07-26T22:59:21Z" finished-at="2018-07-26T22:59:22Z">
          <reporter-output>
          </reporter-output>
        </test-method> <!-- afterMethod -->
        <test-method status="PASS" signature="beforeMethod()[pri:0, instance:registration.UserRegistration@4e04a765]" name="beforeMethod" is-config="true" duration-ms="11459" started-at="2018-07-26T22:59:22Z" finished-at="2018-07-26T22:59:33Z">
          <reporter-output>
          </reporter-output>
        </test-method> <!-- beforeMethod -->
        <test-method status="PASS" signature="pwd_match()[pri:0, instance:registration.UserRegistration@4e04a765]" name="pwd_match" duration-ms="1442" started-at="2018-07-26T22:59:33Z" finished-at="2018-07-26T22:59:35Z">
          <reporter-output>
          </reporter-output>
        </test-method> <!-- pwd_match -->
        <test-method status="PASS" signature="afterMethod()[pri:0, instance:registration.UserRegistration@4e04a765]" name="afterMethod" is-config="true" duration-ms="1063" started-at="2018-07-26T22:59:35Z" finished-at="2018-07-26T22:59:36Z">
          <reporter-output>
          </reporter-output>
        </test-method> <!-- afterMethod -->
        <test-method status="PASS" signature="beforeMethod()[pri:0, instance:registration.UserRegistration@4e04a765]" name="beforeMethod" is-config="true" duration-ms="21864" started-at="2018-07-26T22:59:36Z" finished-at="2018-07-26T22:59:58Z">
          <reporter-output>
          </reporter-output>
        </test-method> <!-- beforeMethod -->
        <test-method status="PASS" signature="pwd_mismatch()[pri:0, instance:registration.UserRegistration@4e04a765]" name="pwd_mismatch" duration-ms="1810" started-at="2018-07-26T22:59:58Z" finished-at="2018-07-26T23:00:00Z">
          <reporter-output>
          </reporter-output>
        </test-method> <!-- pwd_mismatch -->
        <test-method status="PASS" signature="afterMethod()[pri:0, instance:registration.UserRegistration@4e04a765]" name="afterMethod" is-config="true" duration-ms="1082" started-at="2018-07-26T23:00:00Z" finished-at="2018-07-26T23:00:01Z">
          <reporter-output>
          </reporter-output>
        </test-method> <!-- afterMethod -->
        <test-method status="PASS" signature="beforeMethod()[pri:0, instance:registration.UserRegistration@4e04a765]" name="beforeMethod" is-config="true" duration-ms="10830" started-at="2018-07-26T23:00:01Z" finished-at="2018-07-26T23:00:11Z">
          <reporter-output>
          </reporter-output>
        </test-method> <!-- beforeMethod -->
        <test-method status="PASS" signature="successful_registration()[pri:0, instance:registration.UserRegistration@4e04a765]" name="successful_registration" duration-ms="2531" started-at="2018-07-26T23:00:11Z" finished-at="2018-07-26T23:00:14Z">
          <reporter-output>
          </reporter-output>
        </test-method> <!-- successful_registration -->
        <test-method status="PASS" signature="afterMethod()[pri:0, instance:registration.UserRegistration@4e04a765]" name="afterMethod" is-config="true" duration-ms="1213" started-at="2018-07-26T23:00:14Z" finished-at="2018-07-26T23:00:15Z">
          <reporter-output>
          </reporter-output>
        </test-method> <!-- afterMethod -->
        <test-method status="PASS" signature="beforeMethod()[pri:0, instance:registration.UserRegistration@4e04a765]" name="beforeMethod" is-config="true" duration-ms="10565" started-at="2018-07-26T23:00:15Z" finished-at="2018-07-26T23:00:26Z">
          <reporter-output>
          </reporter-output>
        </test-method> <!-- beforeMethod -->
        <test-method status="PASS" signature="uname_blank()[pri:0, instance:registration.UserRegistration@4e04a765]" name="uname_blank" duration-ms="1659" started-at="2018-07-26T23:00:26Z" finished-at="2018-07-26T23:00:27Z">
          <reporter-output>
          </reporter-output>
        </test-method> <!-- uname_blank -->
        <test-method status="PASS" signature="afterMethod()[pri:0, instance:registration.UserRegistration@4e04a765]" name="afterMethod" is-config="true" duration-ms="1231" started-at="2018-07-26T23:00:27Z" finished-at="2018-07-26T23:00:29Z">
          <reporter-output>
          </reporter-output>
        </test-method> <!-- afterMethod -->
        <test-method status="PASS" signature="beforeMethod()[pri:0, instance:registration.UserRegistration@4e04a765]" name="beforeMethod" is-config="true" duration-ms="10989" started-at="2018-07-26T23:00:29Z" finished-at="2018-07-26T23:00:40Z">
          <reporter-output>
          </reporter-output>
        </test-method> <!-- beforeMethod -->
        <test-method status="PASS" signature="uname_length()[pri:0, instance:registration.UserRegistration@4e04a765]" name="uname_length" duration-ms="1882" started-at="2018-07-26T23:00:40Z" finished-at="2018-07-26T23:00:42Z">
          <reporter-output>
          </reporter-output>
        </test-method> <!-- uname_length -->
        <test-method status="PASS" signature="afterMethod()[pri:0, instance:registration.UserRegistration@4e04a765]" name="afterMethod" is-config="true" duration-ms="1159" started-at="2018-07-26T23:00:42Z" finished-at="2018-07-26T23:00:43Z">
          <reporter-output>
          </reporter-output>
        </test-method> <!-- afterMethod -->
      </class> <!-- registration.UserRegistration -->
    </test> <!-- Test -->
  </suite> <!-- Suite -->
</testng-results>
