<?xml version="1.0" encoding="UTF-8"?>
<testng-results skipped="0" failed="0" total="19" passed="19">
  <reporter-output>
  </reporter-output>
  <suite name="Suite" duration-ms="245436" started-at="2018-07-29T14:05:29Z" finished-at="2018-07-29T14:09:34Z">
    <groups>
    </groups>
    <test name="Test" duration-ms="245436" started-at="2018-07-29T14:05:29Z" finished-at="2018-07-29T14:09:34Z">
      <class name="registration.UserRegistration">
        <test-method status="PASS" signature="beforeMethod()[pri:0, instance:registration.UserRegistration@475530b9]" name="beforeMethod" is-config="true" duration-ms="16503" started-at="2018-07-29T19:35:29Z" finished-at="2018-07-29T19:35:46Z">
          <reporter-output>
          </reporter-output>
        </test-method> <!-- beforeMethod -->
        <test-method status="PASS" signature="required_fields_present()[pri:0, instance:registration.UserRegistration@475530b9]" name="required_fields_present" duration-ms="513" started-at="2018-07-29T19:35:46Z" finished-at="2018-07-29T19:35:46Z">
          <reporter-output>
          </reporter-output>
        </test-method> <!-- required_fields_present -->
        <test-method status="PASS" signature="afterMethod()[pri:0, instance:registration.UserRegistration@475530b9]" name="afterMethod" is-config="true" duration-ms="1683" started-at="2018-07-29T19:35:46Z" finished-at="2018-07-29T19:35:48Z">
          <reporter-output>
          </reporter-output>
        </test-method> <!-- afterMethod -->
        <test-method status="PASS" signature="beforeMethod()[pri:0, instance:registration.UserRegistration@475530b9]" name="beforeMethod" is-config="true" duration-ms="10887" started-at="2018-07-29T19:35:48Z" finished-at="2018-07-29T19:35:59Z">
          <reporter-output>
          </reporter-output>
        </test-method> <!-- beforeMethod -->
        <test-method status="PASS" signature="mandatory_fields_blank()[pri:0, instance:registration.UserRegistration@475530b9]" name="mandatory_fields_blank" duration-ms="1289" started-at="2018-07-29T19:35:59Z" finished-at="2018-07-29T19:36:00Z">
          <reporter-output>
          </reporter-output>
        </test-method> <!-- mandatory_fields_blank -->
        <test-method status="PASS" signature="afterMethod()[pri:0, instance:registration.UserRegistration@475530b9]" name="afterMethod" is-config="true" duration-ms="1254" started-at="2018-07-29T19:36:00Z" finished-at="2018-07-29T19:36:01Z">
          <reporter-output>
          </reporter-output>
        </test-method> <!-- afterMethod -->
        <test-method status="PASS" signature="beforeMethod()[pri:0, instance:registration.UserRegistration@475530b9]" name="beforeMethod" is-config="true" duration-ms="9650" started-at="2018-07-29T19:36:01Z" finished-at="2018-07-29T19:36:11Z">
          <reporter-output>
          </reporter-output>
        </test-method> <!-- beforeMethod -->
        <test-method status="PASS" signature="fname_blank()[pri:0, instance:registration.UserRegistration@475530b9]" name="fname_blank" duration-ms="1752" started-at="2018-07-29T19:36:11Z" finished-at="2018-07-29T19:36:13Z">
          <reporter-output>
          </reporter-output>
        </test-method> <!-- fname_blank -->
        <test-method status="PASS" signature="afterMethod()[pri:0, instance:registration.UserRegistration@475530b9]" name="afterMethod" is-config="true" duration-ms="1287" started-at="2018-07-29T19:36:13Z" finished-at="2018-07-29T19:36:14Z">
          <reporter-output>
          </reporter-output>
        </test-method> <!-- afterMethod -->
        <test-method status="PASS" signature="beforeMethod()[pri:0, instance:registration.UserRegistration@475530b9]" name="beforeMethod" is-config="true" duration-ms="9113" started-at="2018-07-29T19:36:14Z" finished-at="2018-07-29T19:36:23Z">
          <reporter-output>
          </reporter-output>
        </test-method> <!-- beforeMethod -->
        <test-method status="PASS" signature="lname_blank()[pri:0, instance:registration.UserRegistration@475530b9]" name="lname_blank" duration-ms="1708" started-at="2018-07-29T19:36:23Z" finished-at="2018-07-29T19:36:25Z">
          <reporter-output>
          </reporter-output>
        </test-method> <!-- lname_blank -->
        <test-method status="PASS" signature="afterMethod()[pri:0, instance:registration.UserRegistration@475530b9]" name="afterMethod" is-config="true" duration-ms="1208" started-at="2018-07-29T19:36:25Z" finished-at="2018-07-29T19:36:26Z">
          <reporter-output>
          </reporter-output>
        </test-method> <!-- afterMethod -->
        <test-method status="PASS" signature="beforeMethod()[pri:0, instance:registration.UserRegistration@475530b9]" name="beforeMethod" is-config="true" duration-ms="10381" started-at="2018-07-29T19:36:26Z" finished-at="2018-07-29T19:36:36Z">
          <reporter-output>
          </reporter-output>
        </test-method> <!-- beforeMethod -->
        <test-method status="PASS" signature="uname_blank()[pri:0, instance:registration.UserRegistration@475530b9]" name="uname_blank" duration-ms="2025" started-at="2018-07-29T19:36:36Z" finished-at="2018-07-29T19:36:38Z">
          <reporter-output>
          </reporter-output>
        </test-method> <!-- uname_blank -->
        <test-method status="PASS" signature="afterMethod()[pri:0, instance:registration.UserRegistration@475530b9]" name="afterMethod" is-config="true" duration-ms="1197" started-at="2018-07-29T19:36:38Z" finished-at="2018-07-29T19:36:39Z">
          <reporter-output>
          </reporter-output>
        </test-method> <!-- afterMethod -->
        <test-method status="PASS" signature="beforeMethod()[pri:0, instance:registration.UserRegistration@475530b9]" name="beforeMethod" is-config="true" duration-ms="9948" started-at="2018-07-29T19:36:39Z" finished-at="2018-07-29T19:36:49Z">
          <reporter-output>
          </reporter-output>
        </test-method> <!-- beforeMethod -->
        <test-method status="PASS" signature="password_blank()[pri:0, instance:registration.UserRegistration@475530b9]" name="password_blank" duration-ms="1650" started-at="2018-07-29T19:36:49Z" finished-at="2018-07-29T19:36:51Z">
          <reporter-output>
          </reporter-output>
        </test-method> <!-- password_blank -->
        <test-method status="PASS" signature="afterMethod()[pri:0, instance:registration.UserRegistration@475530b9]" name="afterMethod" is-config="true" duration-ms="1212" started-at="2018-07-29T19:36:51Z" finished-at="2018-07-29T19:36:52Z">
          <reporter-output>
          </reporter-output>
        </test-method> <!-- afterMethod -->
        <test-method status="PASS" signature="beforeMethod()[pri:0, instance:registration.UserRegistration@475530b9]" name="beforeMethod" is-config="true" duration-ms="10251" started-at="2018-07-29T19:36:52Z" finished-at="2018-07-29T19:37:03Z">
          <reporter-output>
          </reporter-output>
        </test-method> <!-- beforeMethod -->
        <test-method status="PASS" signature="confirm_password_blank()[pri:0, instance:registration.UserRegistration@475530b9]" name="confirm_password_blank" duration-ms="1768" started-at="2018-07-29T19:37:03Z" finished-at="2018-07-29T19:37:04Z">
          <reporter-output>
          </reporter-output>
        </test-method> <!-- confirm_password_blank -->
        <test-method status="PASS" signature="afterMethod()[pri:0, instance:registration.UserRegistration@475530b9]" name="afterMethod" is-config="true" duration-ms="1182" started-at="2018-07-29T19:37:04Z" finished-at="2018-07-29T19:37:05Z">
          <reporter-output>
          </reporter-output>
        </test-method> <!-- afterMethod -->
        <test-method status="PASS" signature="beforeMethod()[pri:0, instance:registration.UserRegistration@475530b9]" name="beforeMethod" is-config="true" duration-ms="9566" started-at="2018-07-29T19:37:05Z" finished-at="2018-07-29T19:37:15Z">
          <reporter-output>
          </reporter-output>
        </test-method> <!-- beforeMethod -->
        <test-method status="PASS" signature="email_blank()[pri:0, instance:registration.UserRegistration@475530b9]" name="email_blank" duration-ms="1484" started-at="2018-07-29T19:37:15Z" finished-at="2018-07-29T19:37:17Z">
          <reporter-output>
          </reporter-output>
        </test-method> <!-- email_blank -->
        <test-method status="PASS" signature="afterMethod()[pri:0, instance:registration.UserRegistration@475530b9]" name="afterMethod" is-config="true" duration-ms="1082" started-at="2018-07-29T19:37:17Z" finished-at="2018-07-29T19:37:18Z">
          <reporter-output>
          </reporter-output>
        </test-method> <!-- afterMethod -->
        <test-method status="PASS" signature="beforeMethod()[pri:0, instance:registration.UserRegistration@475530b9]" name="beforeMethod" is-config="true" duration-ms="9859" started-at="2018-07-29T19:37:18Z" finished-at="2018-07-29T19:37:27Z">
          <reporter-output>
          </reporter-output>
        </test-method> <!-- beforeMethod -->
        <test-method status="PASS" signature="fname_single_char()[pri:0, instance:registration.UserRegistration@475530b9]" name="fname_single_char" duration-ms="1727" started-at="2018-07-29T19:37:27Z" finished-at="2018-07-29T19:37:29Z">
          <reporter-output>
          </reporter-output>
        </test-method> <!-- fname_single_char -->
        <test-method status="PASS" signature="afterMethod()[pri:0, instance:registration.UserRegistration@475530b9]" name="afterMethod" is-config="true" duration-ms="1103" started-at="2018-07-29T19:37:29Z" finished-at="2018-07-29T19:37:30Z">
          <reporter-output>
          </reporter-output>
        </test-method> <!-- afterMethod -->
        <test-method status="PASS" signature="beforeMethod()[pri:0, instance:registration.UserRegistration@475530b9]" name="beforeMethod" is-config="true" duration-ms="9046" started-at="2018-07-29T19:37:30Z" finished-at="2018-07-29T19:37:39Z">
          <reporter-output>
          </reporter-output>
        </test-method> <!-- beforeMethod -->
        <test-method status="PASS" signature="lname_single_char()[pri:0, instance:registration.UserRegistration@475530b9]" name="lname_single_char" duration-ms="1649" started-at="2018-07-29T19:37:39Z" finished-at="2018-07-29T19:37:41Z">
          <reporter-output>
          </reporter-output>
        </test-method> <!-- lname_single_char -->
        <test-method status="PASS" signature="afterMethod()[pri:0, instance:registration.UserRegistration@475530b9]" name="afterMethod" is-config="true" duration-ms="1139" started-at="2018-07-29T19:37:41Z" finished-at="2018-07-29T19:37:42Z">
          <reporter-output>
          </reporter-output>
        </test-method> <!-- afterMethod -->
        <test-method status="PASS" signature="beforeMethod()[pri:0, instance:registration.UserRegistration@475530b9]" name="beforeMethod" is-config="true" duration-ms="8871" started-at="2018-07-29T19:37:42Z" finished-at="2018-07-29T19:37:51Z">
          <reporter-output>
          </reporter-output>
        </test-method> <!-- beforeMethod -->
        <test-method status="PASS" signature="uname_seven_char()[pri:0, instance:registration.UserRegistration@475530b9]" name="uname_seven_char" duration-ms="1804" started-at="2018-07-29T19:37:51Z" finished-at="2018-07-29T19:37:53Z">
          <reporter-output>
          </reporter-output>
        </test-method> <!-- uname_seven_char -->
        <test-method status="PASS" signature="afterMethod()[pri:0, instance:registration.UserRegistration@475530b9]" name="afterMethod" is-config="true" duration-ms="1176" started-at="2018-07-29T19:37:53Z" finished-at="2018-07-29T19:37:54Z">
          <reporter-output>
          </reporter-output>
        </test-method> <!-- afterMethod -->
        <test-method status="PASS" signature="beforeMethod()[pri:0, instance:registration.UserRegistration@475530b9]" name="beforeMethod" is-config="true" duration-ms="9078" started-at="2018-07-29T19:37:54Z" finished-at="2018-07-29T19:38:03Z">
          <reporter-output>
          </reporter-output>
        </test-method> <!-- beforeMethod -->
        <test-method status="PASS" signature="pwd_seven_char()[pri:0, instance:registration.UserRegistration@475530b9]" name="pwd_seven_char" duration-ms="1737" started-at="2018-07-29T19:38:03Z" finished-at="2018-07-29T19:38:05Z">
          <reporter-output>
          </reporter-output>
        </test-method> <!-- pwd_seven_char -->
        <test-method status="PASS" signature="afterMethod()[pri:0, instance:registration.UserRegistration@475530b9]" name="afterMethod" is-config="true" duration-ms="1178" started-at="2018-07-29T19:38:05Z" finished-at="2018-07-29T19:38:06Z">
          <reporter-output>
          </reporter-output>
        </test-method> <!-- afterMethod -->
        <test-method status="PASS" signature="beforeMethod()[pri:0, instance:registration.UserRegistration@475530b9]" name="beforeMethod" is-config="true" duration-ms="9588" started-at="2018-07-29T19:38:06Z" finished-at="2018-07-29T19:38:16Z">
          <reporter-output>
          </reporter-output>
        </test-method> <!-- beforeMethod -->
        <test-method status="PASS" signature="cpwd_seven_char()[pri:0, instance:registration.UserRegistration@475530b9]" name="cpwd_seven_char" duration-ms="1852" started-at="2018-07-29T19:38:16Z" finished-at="2018-07-29T19:38:17Z">
          <reporter-output>
          </reporter-output>
        </test-method> <!-- cpwd_seven_char -->
        <test-method status="PASS" signature="afterMethod()[pri:0, instance:registration.UserRegistration@475530b9]" name="afterMethod" is-config="true" duration-ms="1320" started-at="2018-07-29T19:38:17Z" finished-at="2018-07-29T19:38:19Z">
          <reporter-output>
          </reporter-output>
        </test-method> <!-- afterMethod -->
        <test-method status="PASS" signature="beforeMethod()[pri:0, instance:registration.UserRegistration@475530b9]" name="beforeMethod" is-config="true" duration-ms="9557" started-at="2018-07-29T19:38:19Z" finished-at="2018-07-29T19:38:28Z">
          <reporter-output>
          </reporter-output>
        </test-method> <!-- beforeMethod -->
        <test-method status="PASS" signature="invalid_email()[pri:0, instance:registration.UserRegistration@475530b9]" name="invalid_email" duration-ms="2032" started-at="2018-07-29T19:38:28Z" finished-at="2018-07-29T19:38:30Z">
          <reporter-output>
          </reporter-output>
        </test-method> <!-- invalid_email -->
        <test-method status="PASS" signature="afterMethod()[pri:0, instance:registration.UserRegistration@475530b9]" name="afterMethod" is-config="true" duration-ms="1216" started-at="2018-07-29T19:38:30Z" finished-at="2018-07-29T19:38:32Z">
          <reporter-output>
          </reporter-output>
        </test-method> <!-- afterMethod -->
        <test-method status="PASS" signature="beforeMethod()[pri:0, instance:registration.UserRegistration@475530b9]" name="beforeMethod" is-config="true" duration-ms="9966" started-at="2018-07-29T19:38:32Z" finished-at="2018-07-29T19:38:42Z">
          <reporter-output>
          </reporter-output>
        </test-method> <!-- beforeMethod -->
        <test-method status="PASS" signature="invalid_phone()[pri:0, instance:registration.UserRegistration@475530b9]" name="invalid_phone" duration-ms="2075" started-at="2018-07-29T19:38:42Z" finished-at="2018-07-29T19:38:44Z">
          <reporter-output>
          </reporter-output>
        </test-method> <!-- invalid_phone -->
        <test-method status="PASS" signature="afterMethod()[pri:0, instance:registration.UserRegistration@475530b9]" name="afterMethod" is-config="true" duration-ms="1154" started-at="2018-07-29T19:38:44Z" finished-at="2018-07-29T19:38:45Z">
          <reporter-output>
          </reporter-output>
        </test-method> <!-- afterMethod -->
        <test-method status="PASS" signature="beforeMethod()[pri:0, instance:registration.UserRegistration@475530b9]" name="beforeMethod" is-config="true" duration-ms="9943" started-at="2018-07-29T19:38:45Z" finished-at="2018-07-29T19:38:55Z">
          <reporter-output>
          </reporter-output>
        </test-method> <!-- beforeMethod -->
        <test-method status="PASS" signature="all_invalid_field_lenth()[pri:0, instance:registration.UserRegistration@475530b9]" name="all_invalid_field_lenth" duration-ms="1188" started-at="2018-07-29T19:38:55Z" finished-at="2018-07-29T19:38:56Z">
          <reporter-output>
          </reporter-output>
        </test-method> <!-- all_invalid_field_lenth -->
        <test-method status="PASS" signature="afterMethod()[pri:0, instance:registration.UserRegistration@475530b9]" name="afterMethod" is-config="true" duration-ms="1153" started-at="2018-07-29T19:38:56Z" finished-at="2018-07-29T19:38:57Z">
          <reporter-output>
          </reporter-output>
        </test-method> <!-- afterMethod -->
        <test-method status="PASS" signature="beforeMethod()[pri:0, instance:registration.UserRegistration@475530b9]" name="beforeMethod" is-config="true" duration-ms="9174" started-at="2018-07-29T19:38:57Z" finished-at="2018-07-29T19:39:06Z">
          <reporter-output>
          </reporter-output>
        </test-method> <!-- beforeMethod -->
        <test-method status="PASS" signature="password_match()[pri:0, instance:registration.UserRegistration@475530b9]" name="password_match" duration-ms="1773" started-at="2018-07-29T19:39:06Z" finished-at="2018-07-29T19:39:08Z">
          <reporter-output>
          </reporter-output>
        </test-method> <!-- password_match -->
        <test-method status="PASS" signature="afterMethod()[pri:0, instance:registration.UserRegistration@475530b9]" name="afterMethod" is-config="true" duration-ms="1143" started-at="2018-07-29T19:39:08Z" finished-at="2018-07-29T19:39:09Z">
          <reporter-output>
          </reporter-output>
        </test-method> <!-- afterMethod -->
        <test-method status="PASS" signature="beforeMethod()[pri:0, instance:registration.UserRegistration@475530b9]" name="beforeMethod" is-config="true" duration-ms="9565" started-at="2018-07-29T19:39:09Z" finished-at="2018-07-29T19:39:19Z">
          <reporter-output>
          </reporter-output>
        </test-method> <!-- beforeMethod -->
        <test-method status="PASS" signature="password_mismatch()[pri:0, instance:registration.UserRegistration@475530b9]" name="password_mismatch" duration-ms="1825" started-at="2018-07-29T19:39:19Z" finished-at="2018-07-29T19:39:21Z">
          <reporter-output>
          </reporter-output>
        </test-method> <!-- password_mismatch -->
        <test-method status="PASS" signature="afterMethod()[pri:0, instance:registration.UserRegistration@475530b9]" name="afterMethod" is-config="true" duration-ms="1173" started-at="2018-07-29T19:39:21Z" finished-at="2018-07-29T19:39:22Z">
          <reporter-output>
          </reporter-output>
        </test-method> <!-- afterMethod -->
        <test-method status="PASS" signature="beforeMethod()[pri:0, instance:registration.UserRegistration@475530b9]" name="beforeMethod" is-config="true" duration-ms="8971" started-at="2018-07-29T19:39:22Z" finished-at="2018-07-29T19:39:31Z">
          <reporter-output>
          </reporter-output>
        </test-method> <!-- beforeMethod -->
        <test-method status="PASS" signature="successful_registration()[pri:0, instance:registration.UserRegistration@475530b9]" name="successful_registration" duration-ms="2534" started-at="2018-07-29T19:39:31Z" finished-at="2018-07-29T19:39:33Z">
          <reporter-output>
          </reporter-output>
        </test-method> <!-- successful_registration -->
        <test-method status="PASS" signature="afterMethod()[pri:0, instance:registration.UserRegistration@475530b9]" name="afterMethod" is-config="true" duration-ms="1224" started-at="2018-07-29T19:39:33Z" finished-at="2018-07-29T19:39:34Z">
          <reporter-output>
          </reporter-output>
        </test-method> <!-- afterMethod -->
      </class> <!-- registration.UserRegistration -->
    </test> <!-- Test -->
  </suite> <!-- Suite -->
</testng-results>
